<?xml version="1.0" encoding="UTF-8"?>
<!-- Generated by org.testng.reporters.JUnitXMLReporter -->
<testsuite ignored="1" hostname="DESKTOP-2S175RD" failures="1" tests="14" name="Test" time="46.597" errors="0" timestamp="2025-09-08T13:25:33 IST">
  <testcase classname="com.wipro.CapStoneTestNG.HealthProgramsTest" name="@BeforeMethod setUp" time="0.005">
    <failure type="java.lang.NullPointerException" message="Cannot invoke &amp;quot;org.openqa.selenium.WebDriver.get(String)&amp;quot; because &amp;quot;this.driver&amp;quot; is null">
      <![CDATA[java.lang.NullPointerException: Cannot invoke "org.openqa.selenium.WebDriver.get(String)" because "this.driver" is null
at com.wipro.CapStoneTestNG.HealthProgramsTest.setUp(HealthProgramsTest.java:26)
at java.base/java.util.ArrayList.forEach(ArrayList.java:1511)
... Removed 35 stack frames]]>
    </failure>
  </testcase> <!-- @BeforeMethod setUp -->
  <testcase classname="com.wipro.CapStoneTestNG.HealthProgramsTest" name="@BeforeMethod setUp" time="0.0">
    <skipped/>
  </testcase> <!-- @BeforeMethod setUp -->
  <testcase classname="com.wipro.CapStoneTestNG.HealthProgramsTest" name="@BeforeMethod setUp" time="0.0">
    <skipped/>
  </testcase> <!-- @BeforeMethod setUp -->
  <testcase classname="com.wipro.CapStoneTestNG.HealthProgramsTest" name="@BeforeMethod setUp" time="0.0">
    <skipped/>
  </testcase> <!-- @BeforeMethod setUp -->
  <testcase classname="com.wipro.CapStoneTestNG.ContactUsTest" name="verifyContactHeader" time="0.24">
    <failure type="java.lang.AssertionError" message="Contact section does not contain expected text expected [true] but found [false]">
      <![CDATA[java.lang.AssertionError: Contact section does not contain expected text expected [true] but found [false]
at com.wipro.CapStoneTestNG.ContactUsTest.verifyContactHeader(ContactUsTest.java:31)
at java.base/java.util.ArrayList.forEach(ArrayList.java:1511)
... Removed 34 stack frames]]>
    </failure>
  </testcase> <!-- verifyContactHeader -->
  <testcase classname="com.wipro.CapStoneTestNG.ContactUsTest" name="verifyAddressIcon" time="0.219"/>
  <testcase classname="com.wipro.CapStoneTestNG.ContactUsTest" name="verifyCallIcon" time="0.061"/>
  <testcase classname="com.wipro.CapStoneTestNG.ContactUsTest" name="verifyFaxIcon" time="0.084"/>
  <testcase classname="com.wipro.CapStoneTestNG.ContactUsTest" name="verifyEmailIcon" time="0.055"/>
  <testcase classname="com.wipro.CapStoneTestNG.ContactUsTest" name="verifyGoogleMapIframe" time="0.111"/>
  <testcase classname="com.wipro.CapStoneTestNG.HealthProgramsTest" name="testAHECScholars" time="0.0">
    <skipped/>
  </testcase> <!-- testAHECScholars -->
  <testcase classname="com.wipro.CapStoneTestNG.HealthProgramsTest" name="testFlorida" time="0.0">
    <skipped/>
  </testcase> <!-- testFlorida -->
  <testcase classname="com.wipro.CapStoneTestNG.HealthProgramsTest" name="testHealthyAging" time="0.0">
    <skipped/>
  </testcase> <!-- testHealthyAging -->
  <testcase classname="com.wipro.CapStoneTestNG.HealthProgramsTest" name="testQuitTobacco" time="0.0">
    <skipped/>
  </testcase> <!-- testQuitTobacco -->
  <testcase classname="com.wipro.CapStoneTestNG.HomePageTest" name="openHomePage" time="0.052"/>
  <testcase classname="com.wipro.CapStoneTestNG.HomePageTest" name="clickOnLogo" time="1.123"/>
  <testcase classname="com.wipro.CapStoneTestNG.HomePageTest" name="searchKeyword" time="0.817"/>
  <testcase classname="com.wipro.CapStoneTestNG.RegistrationTest" name="testSuccessfulRegistration" time="17.49"/>
  <testcase classname="com.wipro.CapStoneTestNG.InvalidRegi" name="testInvalidRegistration" time="0.0">
    <ignored/>
  </testcase> <!-- testInvalidRegistration -->
</testsuite> <!-- Test -->
